Analysis & Elaboration report for ProjetoAOC
Mon Nov 20 21:49:13 2023
Quartus Prime Version 18.1.0 Build 625 09/12/2018 SJ Lite Edition


---------------------
; Table of Contents ;
---------------------
  1. Legal Notice
  2. Analysis & Elaboration Summary
  3. Parallel Compilation
  4. Analysis & Elaboration Settings
  5. Port Connectivity Checks: "SUBTRATOR_16BITS:OP2|SOMADOR_16BITS:RESULTADO"
  6. Port Connectivity Checks: "SOMADOR_16BITS:OP1"
  7. Analysis & Elaboration Messages



----------------
; Legal Notice ;
----------------
Copyright (C) 2018  Intel Corporation. All rights reserved.
Your use of Intel Corporation's design tools, logic functions 
and other software and tools, and its AMPP partner logic 
functions, and any output files from any of the foregoing 
(including device programming or simulation files), and any 
associated documentation or information are expressly subject 
to the terms and conditions of the Intel Program License 
Subscription Agreement, the Intel Quartus Prime License Agreement,
the Intel FPGA IP License Agreement, or other applicable license
agreement, including, without limitation, that your use is for
the sole purpose of programming logic devices manufactured by
Intel and sold by Intel or its authorized distributors.  Please
refer to the applicable agreement for further details.



+-----------------------------------------------------------------------------+
; Analysis & Elaboration Summary                                              ;
+-------------------------------+---------------------------------------------+
; Analysis & Elaboration Status ; Successful - Mon Nov 20 21:49:13 2023       ;
; Quartus Prime Version         ; 18.1.0 Build 625 09/12/2018 SJ Lite Edition ;
; Revision Name                 ; ProjetoAOC                                  ;
; Top-level Entity Name         ; ALU                                         ;
; Family                        ; Cyclone V                                   ;
; Logic utilization (in ALMs)   ; N/A until Partition Merge                   ;
; Total registers               ; N/A until Partition Merge                   ;
; Total pins                    ; N/A until Partition Merge                   ;
; Total virtual pins            ; N/A until Partition Merge                   ;
; Total block memory bits       ; N/A until Partition Merge                   ;
; Total PLLs                    ; N/A until Partition Merge                   ;
; Total DLLs                    ; N/A until Partition Merge                   ;
+-------------------------------+---------------------------------------------+


+------------------------------------------+
; Parallel Compilation                     ;
+----------------------------+-------------+
; Processors                 ; Number      ;
+----------------------------+-------------+
; Number detected on machine ; 8           ;
; Maximum allowed            ; 4           ;
;                            ;             ;
; Average used               ; 1.00        ;
; Maximum used               ; 1           ;
;                            ;             ;
; Usage by Processor         ; % Time Used ;
;     Processor 1            ; 100.0%      ;
+----------------------------+-------------+


+---------------------------------------------------------------------------------------------------------------------------+
; Analysis & Elaboration Settings                                                                                           ;
+---------------------------------------------------------------------------------+--------------------+--------------------+
; Option                                                                          ; Setting            ; Default Value      ;
+---------------------------------------------------------------------------------+--------------------+--------------------+
; Device                                                                          ; 5CGXFC7C7F23C8     ;                    ;
; Top-level entity name                                                           ; ALU                ; ProjetoAOC         ;
; Family name                                                                     ; Cyclone V          ; Cyclone V          ;
; Use smart compilation                                                           ; Off                ; Off                ;
; Enable parallel Assembler and Timing Analyzer during compilation                ; On                 ; On                 ;
; Enable compact report table                                                     ; Off                ; Off                ;
; Restructure Multiplexers                                                        ; Auto               ; Auto               ;
; MLAB Add Timing Constraints For Mixed-Port Feed-Through Mode Setting Don't Care ; Off                ; Off                ;
; Create Debugging Nodes for IP Cores                                             ; Off                ; Off                ;
; Preserve fewer node names                                                       ; On                 ; On                 ;
; Intel FPGA IP Evaluation Mode                                                   ; Enable             ; Enable             ;
; Verilog Version                                                                 ; Verilog_2001       ; Verilog_2001       ;
; VHDL Version                                                                    ; VHDL_1993          ; VHDL_1993          ;
; State Machine Processing                                                        ; Auto               ; Auto               ;
; Safe State Machine                                                              ; Off                ; Off                ;
; Extract Verilog State Machines                                                  ; On                 ; On                 ;
; Extract VHDL State Machines                                                     ; On                 ; On                 ;
; Ignore Verilog initial constructs                                               ; Off                ; Off                ;
; Iteration limit for constant Verilog loops                                      ; 5000               ; 5000               ;
; Iteration limit for non-constant Verilog loops                                  ; 250                ; 250                ;
; Add Pass-Through Logic to Inferred RAMs                                         ; On                 ; On                 ;
; Infer RAMs from Raw Logic                                                       ; On                 ; On                 ;
; Parallel Synthesis                                                              ; On                 ; On                 ;
; DSP Block Balancing                                                             ; Auto               ; Auto               ;
; NOT Gate Push-Back                                                              ; On                 ; On                 ;
; Power-Up Don't Care                                                             ; On                 ; On                 ;
; Remove Redundant Logic Cells                                                    ; Off                ; Off                ;
; Remove Duplicate Registers                                                      ; On                 ; On                 ;
; Ignore CARRY Buffers                                                            ; Off                ; Off                ;
; Ignore CASCADE Buffers                                                          ; Off                ; Off                ;
; Ignore GLOBAL Buffers                                                           ; Off                ; Off                ;
; Ignore ROW GLOBAL Buffers                                                       ; Off                ; Off                ;
; Ignore LCELL Buffers                                                            ; Off                ; Off                ;
; Ignore SOFT Buffers                                                             ; On                 ; On                 ;
; Limit AHDL Integers to 32 Bits                                                  ; Off                ; Off                ;
; Optimization Technique                                                          ; Balanced           ; Balanced           ;
; Carry Chain Length                                                              ; 70                 ; 70                 ;
; Auto Carry Chains                                                               ; On                 ; On                 ;
; Auto Open-Drain Pins                                                            ; On                 ; On                 ;
; Perform WYSIWYG Primitive Resynthesis                                           ; Off                ; Off                ;
; Auto ROM Replacement                                                            ; On                 ; On                 ;
; Auto RAM Replacement                                                            ; On                 ; On                 ;
; Auto DSP Block Replacement                                                      ; On                 ; On                 ;
; Auto Shift Register Replacement                                                 ; Auto               ; Auto               ;
; Allow Shift Register Merging across Hierarchies                                 ; Auto               ; Auto               ;
; Auto Clock Enable Replacement                                                   ; On                 ; On                 ;
; Strict RAM Replacement                                                          ; Off                ; Off                ;
; Allow Synchronous Control Signals                                               ; On                 ; On                 ;
; Force Use of Synchronous Clear Signals                                          ; Off                ; Off                ;
; Auto Resource Sharing                                                           ; Off                ; Off                ;
; Allow Any RAM Size For Recognition                                              ; Off                ; Off                ;
; Allow Any ROM Size For Recognition                                              ; Off                ; Off                ;
; Allow Any Shift Register Size For Recognition                                   ; Off                ; Off                ;
; Use LogicLock Constraints during Resource Balancing                             ; On                 ; On                 ;
; Ignore translate_off and synthesis_off directives                               ; Off                ; Off                ;
; Timing-Driven Synthesis                                                         ; On                 ; On                 ;
; Report Parameter Settings                                                       ; On                 ; On                 ;
; Report Source Assignments                                                       ; On                 ; On                 ;
; Report Connectivity Checks                                                      ; On                 ; On                 ;
; Ignore Maximum Fan-Out Assignments                                              ; Off                ; Off                ;
; Synchronization Register Chain Length                                           ; 3                  ; 3                  ;
; Power Optimization During Synthesis                                             ; Normal compilation ; Normal compilation ;
; HDL message level                                                               ; Level2             ; Level2             ;
; Suppress Register Optimization Related Messages                                 ; Off                ; Off                ;
; Number of Removed Registers Reported in Synthesis Report                        ; 5000               ; 5000               ;
; Number of Swept Nodes Reported in Synthesis Report                              ; 5000               ; 5000               ;
; Number of Inverted Registers Reported in Synthesis Report                       ; 100                ; 100                ;
; Clock MUX Protection                                                            ; On                 ; On                 ;
; Auto Gated Clock Conversion                                                     ; Off                ; Off                ;
; Block Design Naming                                                             ; Auto               ; Auto               ;
; SDC constraint protection                                                       ; Off                ; Off                ;
; Synthesis Effort                                                                ; Auto               ; Auto               ;
; Shift Register Replacement - Allow Asynchronous Clear Signal                    ; On                 ; On                 ;
; Pre-Mapping Resynthesis Optimization                                            ; Off                ; Off                ;
; Analysis & Synthesis Message Level                                              ; Medium             ; Medium             ;
; Disable Register Merging Across Hierarchies                                     ; Auto               ; Auto               ;
; Resource Aware Inference For Block RAM                                          ; On                 ; On                 ;
; Automatic Parallel Synthesis                                                    ; On                 ; On                 ;
; Partial Reconfiguration Bitstream ID                                            ; Off                ; Off                ;
+---------------------------------------------------------------------------------+--------------------+--------------------+


+---------------------------------------------------------------------------+
; Port Connectivity Checks: "SUBTRATOR_16BITS:OP2|SOMADOR_16BITS:RESULTADO" ;
+------+-------+----------+-------------------------------------------------+
; Port ; Type  ; Severity ; Details                                         ;
+------+-------+----------+-------------------------------------------------+
; cin  ; Input ; Info     ; Stuck at VCC                                    ;
+------+-------+----------+-------------------------------------------------+


+------------------------------------------------+
; Port Connectivity Checks: "SOMADOR_16BITS:OP1" ;
+------+-------+----------+----------------------+
; Port ; Type  ; Severity ; Details              ;
+------+-------+----------+----------------------+
; cin  ; Input ; Info     ; Stuck at GND         ;
+------+-------+----------+----------------------+


+---------------------------------+
; Analysis & Elaboration Messages ;
+---------------------------------+
Info: *******************************************************************
Info: Running Quartus Prime Analysis & Elaboration
    Info: Version 18.1.0 Build 625 09/12/2018 SJ Lite Edition
    Info: Processing started: Mon Nov 20 21:49:01 2023
Info: Command: quartus_map --read_settings_files=on --write_settings_files=off ProjetoAOC -c ProjetoAOC --analysis_and_elaboration
Warning (18236): Number of processors has not been specified which may cause overloading on shared machines.  Set the global assignment NUM_PARALLEL_PROCESSORS in your QSF to an appropriate value for best performance.
Info (20030): Parallel compilation is enabled and will use 4 of the 4 processors detected
Info (12021): Found 2 design units, including 1 entities, in source file alu.vhd
    Info (12022): Found design unit 1: ALU-BEHAVIOR File: C:/Users/Asus/OneDrive/햞ea de Trabalho/AOC/projeto/ALU.vhd Line: 34
    Info (12023): Found entity 1: ALU File: C:/Users/Asus/OneDrive/햞ea de Trabalho/AOC/projeto/ALU.vhd Line: 24
Info (12021): Found 2 design units, including 1 entities, in source file banco_registradores.vhd
    Info (12022): Found design unit 1: BANCO_REGISTRADORES-BEHAVIOR File: C:/Users/Asus/OneDrive/햞ea de Trabalho/AOC/projeto/Banco_Registradores.vhd Line: 22
    Info (12023): Found entity 1: BANCO_REGISTRADORES File: C:/Users/Asus/OneDrive/햞ea de Trabalho/AOC/projeto/Banco_Registradores.vhd Line: 13
Info (12021): Found 2 design units, including 1 entities, in source file branch_helper.vhd
    Info (12022): Found design unit 1: BRANCH_HELPER-BEHAVIOR File: C:/Users/Asus/OneDrive/햞ea de Trabalho/AOC/projeto/Branch_Helper.vhd Line: 18
    Info (12023): Found entity 1: BRANCH_HELPER File: C:/Users/Asus/OneDrive/햞ea de Trabalho/AOC/projeto/Branch_Helper.vhd Line: 11
Info (12021): Found 2 design units, including 1 entities, in source file contador_sincrono.vhd
    Info (12022): Found design unit 1: CONTADOR_SINCRONO-BEHAVIOR File: C:/Users/Asus/OneDrive/햞ea de Trabalho/AOC/projeto/Contador_Sincrono.vhd Line: 20
    Info (12023): Found entity 1: CONTADOR_SINCRONO File: C:/Users/Asus/OneDrive/햞ea de Trabalho/AOC/projeto/Contador_Sincrono.vhd Line: 12
Info (12021): Found 2 design units, including 1 entities, in source file cpu_dynasty.vhd
    Info (12022): Found design unit 1: CPU_DYNASTY-BEHAVIOR File: C:/Users/Asus/OneDrive/햞ea de Trabalho/AOC/projeto/CPU_Dynasty.vhd Line: 27
    Info (12023): Found entity 1: CPU_DYNASTY File: C:/Users/Asus/OneDrive/햞ea de Trabalho/AOC/projeto/CPU_Dynasty.vhd Line: 11
Info (12021): Found 2 design units, including 1 entities, in source file divisor.vhd
    Info (12022): Found design unit 1: DIV_INSTRUCAO_16BITS-BEHAVIOR File: C:/Users/Asus/OneDrive/햞ea de Trabalho/AOC/projeto/Divisor.vhd Line: 19
    Info (12023): Found entity 1: DIV_INSTRUCAO_16BITS File: C:/Users/Asus/OneDrive/햞ea de Trabalho/AOC/projeto/Divisor.vhd Line: 11
Info (12021): Found 2 design units, including 1 entities, in source file extensor_2x8.vhd
    Info (12022): Found design unit 1: EXTENSOR_2X8-BEHAVIOR File: C:/Users/Asus/OneDrive/햞ea de Trabalho/AOC/projeto/Extensor_2x8.vhd Line: 17
    Info (12023): Found entity 1: EXTENSOR_2X8 File: C:/Users/Asus/OneDrive/햞ea de Trabalho/AOC/projeto/Extensor_2x8.vhd Line: 10
Info (12021): Found 2 design units, including 1 entities, in source file extensor_4x8.vhd
    Info (12022): Found design unit 1: EXTENSOR_4X8-BEHAVIOR File: C:/Users/Asus/OneDrive/햞ea de Trabalho/AOC/projeto/Extensor_4x8.vhd Line: 17
    Info (12023): Found entity 1: EXTENSOR_4X8 File: C:/Users/Asus/OneDrive/햞ea de Trabalho/AOC/projeto/Extensor_4x8.vhd Line: 10
Info (12021): Found 2 design units, including 1 entities, in source file mux_2x8.vhd
    Info (12022): Found design unit 1: MUX_2X1-BEHAVIOR File: C:/Users/Asus/OneDrive/햞ea de Trabalho/AOC/projeto/Mux_2x8.vhd Line: 18
    Info (12023): Found entity 1: MUX_2X1 File: C:/Users/Asus/OneDrive/햞ea de Trabalho/AOC/projeto/Mux_2x8.vhd Line: 10
Info (12021): Found 2 design units, including 1 entities, in source file program_counter.vhd
    Info (12022): Found design unit 1: PC-BEHAVIOR File: C:/Users/Asus/OneDrive/햞ea de Trabalho/AOC/projeto/Program_Counter.vhd Line: 19
    Info (12023): Found entity 1: PC File: C:/Users/Asus/OneDrive/햞ea de Trabalho/AOC/projeto/Program_Counter.vhd Line: 11
Info (12021): Found 2 design units, including 1 entities, in source file ram.vhd
    Info (12022): Found design unit 1: RAM-BEHAVIOR File: C:/Users/Asus/OneDrive/햞ea de Trabalho/AOC/projeto/RAM.vhd Line: 20
    Info (12023): Found entity 1: RAM File: C:/Users/Asus/OneDrive/햞ea de Trabalho/AOC/projeto/RAM.vhd Line: 12
Info (12021): Found 2 design units, including 1 entities, in source file rom.vhd
    Info (12022): Found design unit 1: ROM-BEHAVIOR File: C:/Users/Asus/OneDrive/햞ea de Trabalho/AOC/projeto/ROM.vhd Line: 28
    Info (12023): Found entity 1: ROM File: C:/Users/Asus/OneDrive/햞ea de Trabalho/AOC/projeto/ROM.vhd Line: 20
Info (12021): Found 2 design units, including 1 entities, in source file somador_16bits.vhd
    Info (12022): Found design unit 1: SOMADOR_16BITS-BEHAVIOR File: C:/Users/Asus/OneDrive/햞ea de Trabalho/AOC/projeto/Somador_16bits.vhd Line: 20
    Info (12023): Found entity 1: SOMADOR_16BITS File: C:/Users/Asus/OneDrive/햞ea de Trabalho/AOC/projeto/Somador_16bits.vhd Line: 11
Info (12021): Found 2 design units, including 1 entities, in source file subtrator_16bits.vhd
    Info (12022): Found design unit 1: SUBTRATOR_16BITS-BEHAVIOR File: C:/Users/Asus/OneDrive/햞ea de Trabalho/AOC/projeto/Subtrator_16bits.vhd Line: 19
    Info (12023): Found entity 1: SUBTRATOR_16BITS File: C:/Users/Asus/OneDrive/햞ea de Trabalho/AOC/projeto/Subtrator_16bits.vhd Line: 11
Info (12021): Found 2 design units, including 1 entities, in source file unidade_de_controle.vhd
    Info (12022): Found design unit 1: UNIDADE_DE_CONTROLE-LOGIC File: C:/Users/Asus/OneDrive/햞ea de Trabalho/AOC/projeto/Unidade_de_Controle.vhd Line: 28
    Info (12023): Found entity 1: UNIDADE_DE_CONTROLE File: C:/Users/Asus/OneDrive/햞ea de Trabalho/AOC/projeto/Unidade_de_Controle.vhd Line: 13
Info (12127): Elaborating entity "ALU" for the top level hierarchy
Warning (10631): VHDL Process Statement warning at ALU.vhd(68): inferring latch(es) for signal or variable "Z", which holds its previous value in one or more paths through the process File: C:/Users/Asus/OneDrive/햞ea de Trabalho/AOC/projeto/ALU.vhd Line: 68
Warning (10631): VHDL Process Statement warning at ALU.vhd(68): inferring latch(es) for signal or variable "IN_BRANCH_HELPER", which holds its previous value in one or more paths through the process File: C:/Users/Asus/OneDrive/햞ea de Trabalho/AOC/projeto/ALU.vhd Line: 68
Info (10041): Inferred latch for "IN_BRANCH_HELPER" at ALU.vhd(68) File: C:/Users/Asus/OneDrive/햞ea de Trabalho/AOC/projeto/ALU.vhd Line: 68
Info (10041): Inferred latch for "Z" at ALU.vhd(68) File: C:/Users/Asus/OneDrive/햞ea de Trabalho/AOC/projeto/ALU.vhd Line: 68
Info (12128): Elaborating entity "BRANCH_HELPER" for hierarchy "BRANCH_HELPER:BH" File: C:/Users/Asus/OneDrive/햞ea de Trabalho/AOC/projeto/ALU.vhd Line: 64
Info (12128): Elaborating entity "SOMADOR_16BITS" for hierarchy "SOMADOR_16BITS:OP1" File: C:/Users/Asus/OneDrive/햞ea de Trabalho/AOC/projeto/ALU.vhd Line: 65
Info (12128): Elaborating entity "SUBTRATOR_16BITS" for hierarchy "SUBTRATOR_16BITS:OP2" File: C:/Users/Asus/OneDrive/햞ea de Trabalho/AOC/projeto/ALU.vhd Line: 66
Info: Quartus Prime Analysis & Elaboration was successful. 0 errors, 3 warnings
    Info: Peak virtual memory: 4842 megabytes
    Info: Processing ended: Mon Nov 20 21:49:13 2023
    Info: Elapsed time: 00:00:12
    Info: Total CPU time (on all processors): 00:00:13


